<?xml version="1.0" encoding="UTF-8"?>
<!-- Generated by org.testng.reporters.JUnitReportReporter -->
<testsuite hostname="DESKTOP-UA7G0ND" failures="0" tests="3" name="codewithharry.tests.SubmitCartTest" time="23.718" errors="0" timestamp="2024-07-02T15:52:26 IST" skipped="0">
  <testcase classname="codewithharry.tests.SubmitCartTest" name="submitCart" time="6.193"/>
  <testcase classname="codewithharry.tests.SubmitCartTest" name="OrderConfirmed" time="7.793"/>
  <testcase classname="codewithharry.tests.SubmitCartTest" name="submitCart" time="9.732"/>
</testsuite> <!-- codewithharry.tests.SubmitCartTest -->
